{"/Users/mauricetadros/Development/Local/mindbloome/app/public/wp-content/themes/mindbloome-single/frontity/packages/formik-chakra-ui-components/checkbox.tsx": {"path":"/Users/mauricetadros/Development/Local/mindbloome/app/public/wp-content/themes/mindbloome-single/frontity/packages/formik-chakra-ui-components/checkbox.tsx","statementMap":{"0":{"start":{"line":1,"column":0},"end":{"line":1,"column":null}},"1":{"start":{"line":11,"column":0},"end":{"line":11,"column":31}},"2":{"start":{"line":12,"column":0},"end":{"line":12,"column":26}},"3":{"start":{"line":18,"column":56},"end":{"line":32,"column":1}},"4":{"start":{"line":19,"column":38},"end":{"line":19,"column":43}},"5":{"start":{"line":19,"column":33},"end":{"line":19,"column":38}},"6":{"start":{"line":20,"column":2},"end":{"line":31,"column":4}},"7":{"start":{"line":23,"column":8},"end":{"line":27,"column":null}},"8":{"start":{"line":34,"column":0},"end":{"line":34,"column":32}}},"fnMap":{"0":{"name":"(anonymous_0)","decl":{"start":{"line":18,"column":56},"end":{"line":18,"column":57}},"loc":{"start":{"line":18,"column":66},"end":{"line":32,"column":1}}},"1":{"name":"(anonymous_1)","decl":{"start":{"line":22,"column":7},"end":{"line":22,"column":8}},"loc":{"start":{"line":23,"column":8},"end":{"line":27,"column":null}}}},"branchMap":{"0":{"loc":{"start":{"line":25,"column":11},"end":{"line":25,"column":28}},"type":"binary-expr","locations":[{"start":{"line":25,"column":11},"end":{"line":25,"column":28}},{"start":{"line":25,"column":32},"end":{"line":25,"column":52}},{"start":{"line":26,"column":12},"end":{"line":26,"column":68}}]}},"s":{"0":1,"1":1,"2":1,"3":1,"4":2,"5":2,"6":2,"7":2,"8":1},"f":{"0":2,"1":2},"b":{"0":[2,0,0]}}
,"/Users/mauricetadros/Development/Local/mindbloome/app/public/wp-content/themes/mindbloome-single/frontity/packages/formik-chakra-ui-components/formikInput.tsx": {"path":"/Users/mauricetadros/Development/Local/mindbloome/app/public/wp-content/themes/mindbloome-single/frontity/packages/formik-chakra-ui-components/formikInput.tsx","statementMap":{"0":{"start":{"line":1,"column":0},"end":{"line":1,"column":null}},"1":{"start":{"line":10,"column":0},"end":{"line":10,"column":31}},"2":{"start":{"line":11,"column":0},"end":{"line":11,"column":26}},"3":{"start":{"line":12,"column":0},"end":{"line":12,"column":55}},"4":{"start":{"line":19,"column":37},"end":{"line":40,"column":1}},"5":{"start":{"line":20,"column":48},"end":{"line":20,"column":53}},"6":{"start":{"line":20,"column":43},"end":{"line":20,"column":48}},"7":{"start":{"line":22,"column":2},"end":{"line":39,"column":4}},"8":{"start":{"line":25,"column":8},"end":{"line":35,"column":null}},"9":{"start":{"line":42,"column":0},"end":{"line":42,"column":27}}},"fnMap":{"0":{"name":"(anonymous_0)","decl":{"start":{"line":19,"column":37},"end":{"line":19,"column":38}},"loc":{"start":{"line":19,"column":47},"end":{"line":40,"column":1}}},"1":{"name":"(anonymous_1)","decl":{"start":{"line":24,"column":7},"end":{"line":24,"column":8}},"loc":{"start":{"line":25,"column":8},"end":{"line":35,"column":null}}}},"branchMap":{"0":{"loc":{"start":{"line":25,"column":32},"end":{"line":25,"column":49}},"type":"binary-expr","locations":[{"start":{"line":25,"column":32},"end":{"line":25,"column":49}},{"start":{"line":25,"column":53},"end":{"line":25,"column":71}}]},"1":{"loc":{"start":{"line":29,"column":13},"end":{"line":29,"column":30}},"type":"binary-expr","locations":[{"start":{"line":29,"column":13},"end":{"line":29,"column":30}},{"start":{"line":29,"column":34},"end":{"line":29,"column":52}},{"start":{"line":30,"column":14},"end":{"line":31,"column":null}}]}},"s":{"0":1,"1":1,"2":1,"3":1,"4":1,"5":2,"6":2,"7":2,"8":2,"9":1},"f":{"0":2,"1":2},"b":{"0":[2,0],"1":[2,0,0]}}
,"/Users/mauricetadros/Development/Local/mindbloome/app/public/wp-content/themes/mindbloome-single/frontity/packages/formik-chakra-ui-components/textArea.tsx": {"path":"/Users/mauricetadros/Development/Local/mindbloome/app/public/wp-content/themes/mindbloome-single/frontity/packages/formik-chakra-ui-components/textArea.tsx","statementMap":{"0":{"start":{"line":1,"column":0},"end":{"line":1,"column":null}},"1":{"start":{"line":10,"column":0},"end":{"line":10,"column":31}},"2":{"start":{"line":11,"column":0},"end":{"line":11,"column":26}},"3":{"start":{"line":12,"column":0},"end":{"line":12,"column":55}},"4":{"start":{"line":18,"column":50},"end":{"line":44,"column":1}},"5":{"start":{"line":19,"column":48},"end":{"line":19,"column":53}},"6":{"start":{"line":19,"column":43},"end":{"line":19,"column":48}},"7":{"start":{"line":21,"column":2},"end":{"line":43,"column":4}},"8":{"start":{"line":24,"column":8},"end":{"line":39,"column":null}},"9":{"start":{"line":46,"column":0},"end":{"line":46,"column":24}}},"fnMap":{"0":{"name":"(anonymous_0)","decl":{"start":{"line":18,"column":50},"end":{"line":18,"column":51}},"loc":{"start":{"line":18,"column":60},"end":{"line":44,"column":1}}},"1":{"name":"(anonymous_1)","decl":{"start":{"line":23,"column":7},"end":{"line":23,"column":8}},"loc":{"start":{"line":24,"column":8},"end":{"line":39,"column":null}}}},"branchMap":{"0":{"loc":{"start":{"line":24,"column":32},"end":{"line":24,"column":49}},"type":"binary-expr","locations":[{"start":{"line":24,"column":32},"end":{"line":24,"column":49}},{"start":{"line":24,"column":53},"end":{"line":24,"column":71}}]},"1":{"loc":{"start":{"line":33,"column":13},"end":{"line":33,"column":30}},"type":"binary-expr","locations":[{"start":{"line":33,"column":13},"end":{"line":33,"column":30}},{"start":{"line":33,"column":34},"end":{"line":33,"column":52}},{"start":{"line":34,"column":14},"end":{"line":35,"column":null}}]}},"s":{"0":1,"1":1,"2":1,"3":1,"4":1,"5":2,"6":2,"7":2,"8":2,"9":1},"f":{"0":2,"1":2},"b":{"0":[2,0],"1":[2,0,0]}}
,"/Users/mauricetadros/Development/Local/mindbloome/app/public/wp-content/themes/mindbloome-single/frontity/packages/formik-chakra-ui-components/utils/testingWrapper.tsx": {"path":"/Users/mauricetadros/Development/Local/mindbloome/app/public/wp-content/themes/mindbloome-single/frontity/packages/formik-chakra-ui-components/utils/testingWrapper.tsx","statementMap":{"0":{"start":{"line":1,"column":0},"end":{"line":1,"column":26}},"1":{"start":{"line":3,"column":0},"end":{"line":3,"column":38}},"2":{"start":{"line":4,"column":0},"end":{"line":4,"column":44}},"3":{"start":{"line":23,"column":23},"end":{"line":41,"column":1}},"4":{"start":{"line":25,"column":19},"end":{"line":25,"column":51}},"5":{"start":{"line":26,"column":2},"end":{"line":40,"column":4}},"6":{"start":{"line":43,"column":0},"end":{"line":43,"column":null}}},"fnMap":{"0":{"name":"(anonymous_0)","decl":{"start":{"line":23,"column":23},"end":{"line":23,"column":24}},"loc":{"start":{"line":23,"column":94},"end":{"line":41,"column":1}}},"1":{"name":"(anonymous_1)","decl":{"start":{"line":25,"column":19},"end":{"line":25,"column":20}},"loc":{"start":{"line":25,"column":47},"end":{"line":25,"column":51}}}},"branchMap":{},"s":{"0":3,"1":3,"2":3,"3":3,"4":6,"5":6,"6":3},"f":{"0":6,"1":0},"b":{}}
}
