TN:
SF:checkbox.tsx
FN:18,(anonymous_0)
FN:22,(anonymous_1)
FNF:2
FNH:2
FNDA:2,(anonymous_0)
FNDA:2,(anonymous_1)
DA:1,1
DA:11,1
DA:12,1
DA:18,1
DA:19,2
DA:20,2
DA:23,2
DA:34,1
LF:8
LH:8
BRDA:25,0,0,2
BRDA:25,0,1,0
BRDA:25,0,2,0
BRF:3
BRH:1
end_of_record
TN:
SF:formikInput.tsx
FN:19,(anonymous_0)
FN:24,(anonymous_1)
FNF:2
FNH:2
FNDA:2,(anonymous_0)
FNDA:2,(anonymous_1)
DA:1,1
DA:10,1
DA:11,1
DA:12,1
DA:19,1
DA:20,2
DA:22,2
DA:25,2
DA:42,1
LF:9
LH:9
BRDA:25,0,0,2
BRDA:25,0,1,0
BRDA:29,1,0,2
BRDA:29,1,1,0
BRDA:29,1,2,0
BRF:5
BRH:2
end_of_record
TN:
SF:textArea.tsx
FN:18,(anonymous_0)
FN:23,(anonymous_1)
FNF:2
FNH:2
FNDA:2,(anonymous_0)
FNDA:2,(anonymous_1)
DA:1,1
DA:10,1
DA:11,1
DA:12,1
DA:18,1
DA:19,2
DA:21,2
DA:24,2
DA:46,1
LF:9
LH:9
BRDA:24,0,0,2
BRDA:24,0,1,0
BRDA:33,1,0,2
BRDA:33,1,1,0
BRDA:33,1,2,0
BRF:5
BRH:2
end_of_record
TN:
SF:utils/testingWrapper.tsx
FN:23,(anonymous_0)
FN:25,(anonymous_1)
FNF:2
FNH:1
FNDA:6,(anonymous_0)
FNDA:0,(anonymous_1)
DA:1,3
DA:3,3
DA:4,3
DA:23,3
DA:25,6
DA:26,6
DA:43,3
LF:7
LH:7
BRF:0
BRH:0
end_of_record
